TN:
SF:src\features\auth\auth-redirect.ts
FN:11,normalizePathname
FN:17,normalizeSearch
FN:23,readRequestedRoute
FN:34,resolvePostLoginRoute
FN:53,describeResolvedDestination
FNF:5
FNH:5
FNDA:5,normalizePathname
FNDA:6,normalizeSearch
FNDA:5,readRequestedRoute
FNDA:3,resolvePostLoginRoute
FNDA:1,describeResolvedDestination
DA:1,1
DA:11,5
DA:12,5
DA:13,5
DA:14,5
DA:15,5
DA:17,6
DA:18,6
DA:19,6
DA:20,6
DA:21,6
DA:23,1
DA:24,5
DA:25,5
DA:27,3
DA:28,3
DA:29,5
DA:30,5
DA:31,5
DA:32,5
DA:34,1
DA:38,3
DA:39,3
DA:40,3
DA:42,3
DA:43,1
DA:44,1
DA:46,3
DA:47,1
DA:48,1
DA:50,1
DA:51,1
DA:53,1
DA:54,1
DA:55,1
DA:56,0
DA:57,0
DA:58,1
DA:59,1
LF:39
LH:37
BRDA:11,0,0,5
BRDA:12,1,0,0
BRDA:13,2,0,0
BRDA:17,3,0,6
BRDA:18,4,0,2
BRDA:19,5,0,2
BRDA:19,6,0,4
BRDA:20,7,0,0
BRDA:23,8,0,5
BRDA:25,9,0,4
BRDA:25,10,0,2
BRDA:25,11,0,3
BRDA:30,12,0,3
BRDA:34,13,0,3
BRDA:40,14,0,0
BRDA:42,15,0,1
BRDA:44,16,0,2
BRDA:46,17,0,1
BRDA:53,18,0,1
BRDA:55,19,0,0
BRDA:55,20,0,0
BRDA:58,21,0,0
BRF:22
BRH:15
end_of_record
TN:
SF:src\features\auth\auth-session-notices.ts
FN:1,(empty-report)
FNF:1
FNH:1
FNDA:1,(empty-report)
DA:11,0
DA:12,0
DA:13,0
DA:15,0
DA:16,0
DA:17,0
DA:18,0
DA:19,0
DA:20,0
DA:21,0
DA:22,0
DA:24,0
DA:25,0
DA:26,0
DA:27,0
DA:28,0
DA:29,0
DA:30,0
DA:31,0
DA:32,0
DA:33,0
DA:34,0
DA:36,0
DA:37,0
DA:38,0
DA:39,0
DA:40,0
DA:41,0
DA:42,0
DA:43,0
DA:45,0
DA:46,0
DA:47,0
DA:48,0
DA:49,0
DA:50,0
DA:51,0
DA:52,0
DA:53,0
DA:54,0
DA:55,0
LF:41
LH:0
BRDA:1,0,0,1
BRF:1
BRH:1
end_of_record
TN:
SF:src\features\parking-live\mappers.ts
FN:14,str
FN:18,strOrNull
FN:22,bool
FN:26,intOrNull
FN:31,normalizeOccupancyStatus
FN:47,normalizeSummary
FN:72,normalizeBoardSlot
FN:101,sortSlots
FN:117,normalizeFloor
FN:132,normalizeParkingLiveBoard
FN:160,normalizeParkingLiveSummary
FN:192,normalizeParkingLiveSpotDetail
FN:271,buildSlotViewModel
FN:293,groupBoardIntoFloors
FN:303,applyRecentChangesToFloors
FN:327,getBoardLatestUpdateAt
FNF:16
FNH:4
FNDA:0,str
FNDA:0,strOrNull
FNDA:0,bool
FNDA:0,intOrNull
FNDA:0,normalizeOccupancyStatus
FNDA:0,normalizeSummary
FNDA:0,normalizeBoardSlot
FNDA:0,sortSlots
FNDA:0,normalizeFloor
FNDA:0,normalizeParkingLiveBoard
FNDA:0,normalizeParkingLiveSummary
FNDA:0,normalizeParkingLiveSpotDetail
FNDA:12,buildSlotViewModel
FNDA:6,groupBoardIntoFloors
FNDA:6,applyRecentChangesToFloors
FNDA:10,getBoardLatestUpdateAt
DA:1,1
DA:14,0
DA:15,0
DA:16,0
DA:18,0
DA:19,0
DA:20,0
DA:22,0
DA:23,0
DA:24,0
DA:26,0
DA:27,0
DA:28,0
DA:29,0
DA:31,0
DA:32,0
DA:33,0
DA:34,0
DA:35,0
DA:36,0
DA:37,0
DA:38,0
DA:39,0
DA:40,0
DA:41,0
DA:42,0
DA:43,0
DA:44,0
DA:45,0
DA:47,0
DA:48,0
DA:49,0
DA:50,0
DA:51,0
DA:52,0
DA:53,0
DA:54,0
DA:55,0
DA:56,0
DA:57,0
DA:59,0
DA:60,0
DA:61,0
DA:62,0
DA:63,0
DA:64,0
DA:65,0
DA:66,0
DA:67,0
DA:68,0
DA:69,0
DA:70,0
DA:72,0
DA:73,0
DA:74,0
DA:75,0
DA:76,0
DA:77,0
DA:78,0
DA:80,0
DA:81,0
DA:82,0
DA:83,0
DA:84,0
DA:85,0
DA:86,0
DA:87,0
DA:88,0
DA:89,0
DA:90,0
DA:91,0
DA:92,0
DA:93,0
DA:94,0
DA:95,0
DA:96,0
DA:97,0
DA:98,0
DA:99,0
DA:101,0
DA:102,0
DA:103,0
DA:104,0
DA:106,0
DA:107,0
DA:108,0
DA:110,0
DA:111,0
DA:112,0
DA:114,0
DA:115,0
DA:117,0
DA:118,0
DA:119,0
DA:120,0
DA:121,0
DA:122,0
DA:124,0
DA:125,0
DA:126,0
DA:127,0
DA:128,0
DA:129,0
DA:130,0
DA:132,1
DA:133,0
DA:134,0
DA:135,0
DA:136,0
DA:137,0
DA:139,0
DA:140,0
DA:141,0
DA:142,0
DA:143,0
DA:144,0
DA:145,0
DA:146,0
DA:147,0
DA:148,0
DA:149,0
DA:150,0
DA:151,0
DA:152,0
DA:153,0
DA:154,0
DA:155,0
DA:156,0
DA:157,0
DA:158,0
DA:160,1
DA:161,0
DA:162,0
DA:163,0
DA:165,0
DA:166,0
DA:167,0
DA:168,0
DA:169,0
DA:170,0
DA:171,0
DA:172,0
DA:173,0
DA:174,0
DA:175,0
DA:176,0
DA:177,0
DA:178,0
DA:179,0
DA:180,0
DA:181,0
DA:182,0
DA:183,0
DA:184,0
DA:185,0
DA:186,0
DA:187,0
DA:188,0
DA:189,0
DA:190,0
DA:192,1
DA:193,0
DA:194,0
DA:195,0
DA:196,0
DA:197,0
DA:198,0
DA:199,0
DA:200,0
DA:202,0
DA:203,0
DA:204,0
DA:205,0
DA:206,0
DA:208,0
DA:209,0
DA:210,0
DA:211,0
DA:212,0
DA:213,0
DA:214,0
DA:215,0
DA:216,0
DA:217,0
DA:218,0
DA:219,0
DA:220,0
DA:221,0
DA:222,0
DA:223,0
DA:224,0
DA:225,0
DA:226,0
DA:227,0
DA:228,0
DA:229,0
DA:230,0
DA:231,0
DA:232,0
DA:233,0
DA:234,0
DA:235,0
DA:236,0
DA:237,0
DA:238,0
DA:239,0
DA:240,0
DA:241,0
DA:242,0
DA:243,0
DA:244,0
DA:245,0
DA:246,0
DA:247,0
DA:248,0
DA:249,0
DA:250,0
DA:251,0
DA:252,0
DA:253,0
DA:254,0
DA:255,0
DA:256,0
DA:257,0
DA:258,0
DA:259,0
DA:260,0
DA:261,0
DA:262,0
DA:263,0
DA:264,0
DA:265,0
DA:266,0
DA:267,0
DA:268,0
DA:269,0
DA:271,12
DA:272,12
DA:273,12
DA:274,12
DA:275,12
DA:276,12
DA:277,12
DA:278,12
DA:279,12
DA:280,12
DA:281,12
DA:282,12
DA:283,12
DA:284,12
DA:285,12
DA:286,12
DA:287,12
DA:288,12
DA:289,12
DA:290,12
DA:291,12
DA:293,1
DA:294,6
DA:295,6
DA:296,6
DA:297,6
DA:298,6
DA:299,6
DA:300,6
DA:301,6
DA:303,1
DA:304,6
DA:306,6
DA:307,6
DA:308,6
DA:309,12
DA:310,12
DA:311,12
DA:312,4
DA:313,4
DA:314,4
DA:315,4
DA:316,4
DA:318,12
DA:319,12
DA:320,12
DA:321,12
DA:322,12
DA:323,6
DA:324,6
DA:325,6
DA:327,1
DA:328,10
DA:330,10
DA:331,6
DA:332,12
DA:333,12
DA:334,6
DA:335,6
DA:336,12
DA:337,6
DA:339,10
DA:340,10
LF:299
LH:67
BRDA:271,0,0,12
BRDA:275,1,0,0
BRDA:293,2,0,6
BRDA:294,3,0,6
BRDA:297,4,0,12
BRDA:297,5,0,0
BRDA:303,6,0,6
BRDA:304,7,0,4
BRDA:306,8,0,6
BRDA:308,9,0,12
BRDA:311,10,0,4
BRDA:327,11,0,10
BRDA:330,12,0,6
BRDA:331,13,0,12
BRDA:332,14,0,0
BRDA:333,15,0,6
BRDA:333,16,0,6
BRF:17
BRH:14
end_of_record
TN:
SF:src\features\parking-live\types.ts
FN:1,(empty-report)
FNF:1
FNH:1
FNDA:1,(empty-report)
LF:0
LH:0
BRDA:1,0,0,1
BRF:1
BRH:1
end_of_record
TN:
SF:src\features\parking-live\api\parking-live.ts
FN:1,(empty-report)
FNF:1
FNH:0
FNDA:0,(empty-report)
DA:1,0
DA:14,0
DA:22,0
DA:23,0
DA:24,0
DA:25,0
DA:26,0
DA:27,0
DA:28,0
DA:29,0
DA:30,0
DA:32,0
DA:33,0
DA:34,0
DA:35,0
DA:36,0
DA:37,0
DA:39,0
DA:40,0
DA:41,0
DA:42,0
DA:43,0
DA:44,0
DA:45,0
DA:46,0
DA:47,0
DA:49,0
DA:50,0
DA:51,0
DA:52,0
DA:53,0
DA:54,0
DA:55,0
DA:56,0
DA:57,0
LF:35
LH:0
BRDA:1,0,0,0
BRF:1
BRH:0
end_of_record
TN:
SF:src\features\parking-live\hooks\useParkingLiveData.ts
FN:33,toMessage
FN:37,mapStreamToViewStatus
FN:57,createInitialFeedState
FN:68,useParkingLiveData
FN:193,updateFeedStatus
FN:241,handleMessage
FN:291,onError
FNF:7
FNH:6
FNDA:1,toMessage
FNDA:15,mapStreamToViewStatus
FNDA:4,createInitialFeedState
FNDA:19,useParkingLiveData
FNDA:2,updateFeedStatus
FNDA:11,handleMessage
FNDA:0,onError
DA:1,1
DA:17,1
DA:18,1
DA:19,1
DA:21,1
DA:33,1
DA:34,1
DA:35,1
DA:37,15
DA:38,15
DA:39,15
DA:40,15
DA:41,15
DA:42,15
DA:43,15
DA:44,0
DA:45,0
DA:46,15
DA:47,15
DA:48,15
DA:49,15
DA:50,15
DA:51,15
DA:52,15
DA:53,15
DA:54,4
DA:55,4
DA:57,4
DA:58,4
DA:59,4
DA:60,4
DA:61,4
DA:62,4
DA:63,4
DA:64,4
DA:65,4
DA:66,4
DA:68,1
DA:69,19
DA:70,19
DA:71,19
DA:72,19
DA:73,19
DA:74,19
DA:75,19
DA:76,19
DA:77,19
DA:78,19
DA:79,19
DA:80,19
DA:82,19
DA:83,19
DA:84,19
DA:85,19
DA:86,19
DA:88,19
DA:89,6
DA:90,6
DA:91,6
DA:92,6
DA:93,6
DA:94,6
DA:95,6
DA:96,6
DA:97,6
DA:98,6
DA:99,6
DA:100,6
DA:101,6
DA:102,6
DA:103,19
DA:105,19
DA:106,7
DA:107,0
DA:108,0
DA:109,0
DA:110,0
DA:111,0
DA:112,0
DA:113,0
DA:114,0
DA:115,0
DA:116,0
DA:117,0
DA:118,0
DA:119,0
DA:120,0
DA:122,7
DA:123,7
DA:124,7
DA:126,7
DA:127,7
DA:128,7
DA:129,7
DA:130,7
DA:132,7
DA:133,7
DA:134,7
DA:135,7
DA:136,7
DA:138,6
DA:139,6
DA:140,6
DA:141,6
DA:142,7
DA:143,7
DA:144,6
DA:145,6
DA:146,6
DA:147,7
DA:148,7
DA:149,7
DA:150,7
DA:151,7
DA:152,7
DA:153,7
DA:154,7
DA:155,1
DA:156,1
DA:157,1
DA:158,1
DA:159,1
DA:160,1
DA:161,1
DA:162,1
DA:163,1
DA:164,1
DA:165,1
DA:166,1
DA:167,1
DA:168,1
DA:169,1
DA:170,1
DA:171,1
DA:172,1
DA:173,19
DA:175,19
DA:176,11
DA:177,11
DA:178,2
DA:179,2
DA:180,11
DA:181,19
DA:183,19
DA:184,4
DA:185,19
DA:187,19
DA:188,4
DA:190,4
DA:191,4
DA:193,4
DA:194,2
DA:195,2
DA:196,2
DA:197,2
DA:198,2
DA:199,0
DA:201,2
DA:202,2
DA:203,1
DA:204,1
DA:205,0
DA:206,1
DA:207,0
DA:208,1
DA:209,0
DA:210,1
DA:211,1
DA:212,0
DA:214,2
DA:215,1
DA:216,1
DA:217,1
DA:218,0
DA:220,2
DA:221,2
DA:222,2
DA:223,2
DA:224,2
DA:225,2
DA:226,2
DA:227,2
DA:228,2
DA:230,2
DA:231,1
DA:232,1
DA:233,1
DA:234,1
DA:235,1
DA:236,1
DA:237,1
DA:238,1
DA:239,2
DA:241,4
DA:242,11
DA:243,11
DA:244,11
DA:245,11
DA:246,11
DA:247,11
DA:248,11
DA:249,11
DA:251,11
DA:252,0
DA:253,0
DA:254,0
DA:255,0
DA:256,0
DA:257,0
DA:258,0
DA:259,0
DA:260,0
DA:261,0
DA:262,0
DA:263,0
DA:264,0
DA:265,0
DA:266,0
DA:267,0
DA:268,0
DA:269,0
DA:271,11
DA:272,11
DA:273,11
DA:274,11
DA:276,0
DA:277,0
DA:278,0
DA:279,0
DA:280,0
DA:281,0
DA:282,0
DA:283,0
DA:284,11
DA:286,4
DA:287,4
DA:288,4
DA:289,4
DA:290,4
DA:291,4
DA:292,0
DA:293,0
DA:294,0
DA:295,0
DA:296,0
DA:297,0
DA:298,0
DA:299,4
DA:300,4
DA:301,4
DA:302,4
DA:304,4
DA:305,4
DA:306,4
DA:307,19
DA:309,19
DA:310,4
DA:311,4
DA:312,0
DA:313,4
DA:314,4
DA:315,19
DA:317,19
DA:318,4
DA:319,0
DA:320,0
DA:321,0
DA:322,0
DA:323,0
DA:324,0
DA:325,0
DA:327,0
DA:328,0
DA:329,0
DA:330,0
DA:331,0
DA:332,0
DA:333,0
DA:334,0
DA:335,0
DA:336,0
DA:337,0
DA:338,0
DA:339,0
DA:340,0
DA:341,4
DA:342,4
DA:343,19
DA:345,19
DA:346,4
DA:347,4
DA:348,19
DA:350,19
DA:351,1
DA:352,19
DA:354,19
DA:355,19
DA:357,19
DA:358,15
DA:359,15
DA:360,15
DA:361,5
DA:362,10
DA:363,0
DA:364,10
DA:365,0
DA:366,10
DA:367,1
DA:368,9
DA:369,5
DA:370,4
DA:371,15
DA:372,15
DA:373,15
DA:374,15
DA:376,15
DA:377,15
DA:378,15
DA:379,15
DA:380,15
DA:381,15
DA:382,15
DA:383,15
DA:384,15
DA:385,15
DA:386,15
DA:387,15
DA:388,15
DA:389,15
DA:390,19
DA:392,19
DA:393,19
DA:394,19
DA:395,19
DA:396,19
DA:397,19
DA:398,19
DA:399,19
DA:400,19
DA:401,19
DA:402,19
DA:403,19
DA:404,19
LF:343
LH:264
BRDA:33,0,0,1
BRDA:34,1,0,0
BRDA:37,2,0,15
BRDA:43,3,0,0
BRDA:46,4,0,2
BRDA:46,5,0,0
BRDA:47,6,0,0
BRDA:48,7,0,5
BRDA:48,8,0,0
BRDA:48,9,0,10
BRDA:49,10,0,1
BRDA:49,11,0,9
BRDA:50,12,0,1
BRDA:50,13,0,8
BRDA:51,14,0,4
BRDA:52,15,0,0
BRDA:52,16,0,0
BRDA:52,17,0,4
BRDA:53,18,0,0
BRDA:53,19,0,4
BRDA:57,20,0,4
BRDA:68,21,0,19
BRDA:401,22,0,8
BRDA:401,23,0,0
BRDA:401,24,0,8
BRDA:77,25,0,4
BRDA:88,26,0,6
BRDA:95,27,0,0
BRDA:91,28,0,6
BRDA:96,29,0,6
BRDA:105,30,0,7
BRDA:106,31,0,0
BRDA:122,32,0,3
BRDA:136,33,0,6
BRDA:138,34,0,0
BRDA:138,35,0,6
BRDA:142,36,0,0
BRDA:154,37,0,1
BRDA:155,38,0,0
BRDA:157,39,0,0
BRDA:170,40,0,0
BRDA:126,41,0,7
BRDA:128,42,0,3
BRDA:143,43,0,6
BRDA:146,44,0,4
BRDA:146,45,0,2
BRDA:158,46,0,1
BRDA:164,47,0,1
BRDA:175,48,0,11
BRDA:176,49,0,9
BRDA:180,50,0,0
BRDA:177,51,0,2
BRDA:183,52,0,4
BRDA:187,53,0,4
BRDA:188,54,0,0
BRDA:193,55,0,2
BRDA:230,56,0,1
BRDA:235,57,0,0
BRDA:194,58,0,2
BRDA:198,59,0,0
BRDA:202,60,0,1
BRDA:203,61,0,1
BRDA:204,62,0,0
BRDA:206,63,0,0
BRDA:208,64,0,0
BRDA:210,65,0,0
BRDA:211,66,0,0
BRDA:211,67,0,0
BRDA:214,68,0,1
BRDA:215,69,0,1
BRDA:216,70,0,0
BRDA:217,71,0,0
BRDA:224,72,0,1
BRDA:226,73,0,1
BRDA:226,74,0,0
BRDA:241,75,0,11
BRDA:251,76,0,0
BRDA:271,77,0,0
BRDA:274,78,0,0
BRDA:243,79,0,11
BRDA:304,80,0,4
BRDA:309,81,0,4
BRDA:310,82,0,0
BRDA:314,83,0,4
BRDA:317,84,0,4
BRDA:342,85,0,4
BRDA:345,86,0,4
BRDA:345,87,0,4
BRDA:346,88,0,0
BRDA:350,89,0,1
BRDA:354,90,0,10
BRDA:354,91,0,6
BRDA:355,92,0,10
BRDA:357,93,0,15
BRDA:360,94,0,5
BRDA:361,95,0,10
BRDA:362,96,0,0
BRDA:364,97,0,0
BRDA:366,98,0,1
BRDA:367,99,0,9
BRDA:368,100,0,5
BRDA:369,101,0,4
BRDA:372,102,0,14
BRDA:382,103,0,13
BRDA:382,104,0,2
BRDA:382,105,0,1
BRDA:382,106,0,13
BRDA:386,107,0,14
BRF:108
BRH:72
end_of_record
TN:
SF:src\features\subscriptions\mappers.ts
FN:1,(empty-report)
FNF:1
FNH:0
FNDA:0,(empty-report)
DA:1,0
DA:13,0
DA:14,0
DA:15,0
DA:17,0
DA:18,0
DA:19,0
DA:21,0
DA:22,0
DA:23,0
DA:25,0
DA:26,0
DA:27,0
DA:28,0
DA:29,0
DA:30,0
DA:31,0
DA:33,0
DA:34,0
DA:35,0
DA:36,0
DA:37,0
DA:38,0
DA:39,0
DA:40,0
DA:41,0
DA:42,0
DA:43,0
DA:44,0
DA:45,0
DA:46,0
DA:47,0
DA:48,0
DA:49,0
DA:50,0
DA:52,0
DA:53,0
DA:54,0
DA:55,0
DA:56,0
DA:57,0
DA:58,0
DA:59,0
DA:60,0
DA:61,0
DA:62,0
DA:63,0
DA:64,0
DA:65,0
DA:66,0
DA:67,0
DA:68,0
DA:69,0
DA:70,0
DA:72,0
DA:73,0
DA:74,0
DA:75,0
DA:76,0
DA:77,0
DA:78,0
DA:79,0
DA:80,0
DA:81,0
DA:82,0
DA:83,0
DA:84,0
DA:85,0
DA:86,0
DA:87,0
DA:88,0
DA:89,0
DA:90,0
DA:92,0
DA:93,0
DA:94,0
DA:95,0
DA:96,0
DA:97,0
DA:98,0
DA:99,0
DA:100,0
DA:101,0
DA:102,0
DA:103,0
DA:104,0
DA:105,0
DA:107,0
DA:108,0
DA:109,0
DA:110,0
DA:111,0
DA:112,0
DA:113,0
DA:114,0
DA:115,0
DA:117,0
DA:118,0
DA:119,0
DA:121,0
DA:122,0
DA:123,0
DA:125,0
DA:126,0
DA:127,0
DA:129,0
DA:130,0
DA:131,0
DA:132,0
DA:133,0
DA:134,0
DA:135,0
DA:137,0
DA:138,0
DA:139,0
DA:140,0
DA:141,0
DA:142,0
DA:143,0
LF:119
LH:0
BRDA:1,0,0,0
BRF:1
BRH:0
end_of_record
TN:
SF:src\features\subscriptions\types.ts
FN:1,(empty-report)
FNF:1
FNH:1
FNDA:1,(empty-report)
DA:14,0
DA:15,0
DA:17,0
DA:18,0
DA:19,0
DA:21,0
DA:22,0
DA:24,0
DA:25,0
DA:26,0
DA:27,0
DA:28,0
DA:29,0
DA:31,0
DA:32,0
DA:33,0
DA:35,0
DA:36,0
DA:37,0
DA:39,0
DA:40,0
DA:42,0
DA:43,0
DA:44,0
DA:45,0
DA:46,0
DA:47,0
DA:48,0
DA:49,0
DA:51,0
DA:52,0
DA:53,0
DA:54,0
DA:55,0
DA:56,0
DA:57,0
DA:58,0
DA:186,0
DA:187,0
DA:188,0
DA:189,0
DA:190,0
DA:191,0
DA:192,0
LF:44
LH:0
BRDA:1,0,0,1
BRF:1
BRH:1
end_of_record
TN:
SF:src\features\subscriptions\api\subscription-assets.ts
FN:1,(empty-report)
FNF:1
FNH:0
FNDA:0,(empty-report)
DA:1,0
DA:33,0
DA:39,0
DA:40,0
DA:41,0
DA:42,0
DA:43,0
DA:44,0
DA:45,0
DA:46,0
DA:48,0
DA:49,0
DA:50,0
DA:51,0
DA:52,0
DA:53,0
DA:54,0
DA:55,0
DA:56,0
DA:57,0
DA:58,0
DA:60,0
DA:61,0
DA:62,0
DA:63,0
DA:64,0
DA:65,0
DA:66,0
DA:67,0
DA:68,0
DA:69,0
DA:70,0
DA:71,0
DA:72,0
DA:73,0
DA:77,0
DA:84,0
DA:85,0
DA:86,0
DA:87,0
DA:88,0
DA:89,0
DA:90,0
DA:91,0
DA:93,0
DA:94,0
DA:95,0
DA:96,0
DA:97,0
DA:98,0
DA:99,0
DA:100,0
DA:101,0
DA:102,0
DA:103,0
DA:105,0
DA:106,0
DA:107,0
DA:108,0
DA:109,0
DA:110,0
DA:111,0
DA:112,0
DA:113,0
DA:114,0
DA:115,0
DA:116,0
DA:117,0
DA:118,0
LF:69
LH:0
BRDA:1,0,0,0
BRF:1
BRH:0
end_of_record
TN:
SF:src\features\subscriptions\api\subscriptions.ts
FN:1,(empty-report)
FNF:1
FNH:0
FNDA:0,(empty-report)
DA:1,0
DA:18,0
DA:24,0
DA:25,0
DA:26,0
DA:27,0
DA:28,0
DA:29,0
DA:30,0
DA:31,0
DA:33,0
DA:34,0
DA:35,0
DA:36,0
DA:37,0
DA:38,0
DA:39,0
DA:40,0
DA:41,0
DA:42,0
DA:43,0
DA:45,0
DA:46,0
DA:47,0
DA:48,0
DA:49,0
DA:50,0
DA:51,0
DA:52,0
DA:53,0
DA:54,0
DA:55,0
DA:56,0
DA:57,0
DA:58,0
DA:59,0
DA:61,0
DA:62,0
DA:63,0
DA:64,0
DA:65,0
DA:66,0
DA:67,0
DA:68,0
DA:69,0
DA:70,0
DA:71,0
DA:72,0
DA:73,0
DA:74,0
DA:75,0
LF:51
LH:0
BRDA:1,0,0,0
BRF:1
BRH:0
end_of_record
TN:
SF:src\features\subscriptions\hooks\useSubscriptionMutations.ts
FN:1,(empty-report)
FNF:1
FNH:0
FNDA:0,(empty-report)
DA:1,0
DA:43,0
DA:44,0
DA:45,0
DA:46,0
DA:47,0
DA:48,0
DA:50,0
DA:51,0
DA:52,0
DA:53,0
DA:54,0
DA:55,0
DA:56,0
DA:57,0
DA:58,0
DA:60,0
DA:61,0
DA:62,0
DA:64,0
DA:65,0
DA:66,0
DA:67,0
DA:68,0
DA:69,0
DA:70,0
DA:71,0
DA:72,0
DA:73,0
DA:75,0
DA:76,0
DA:77,0
DA:78,0
DA:79,0
DA:80,0
DA:81,0
DA:82,0
DA:83,0
DA:84,0
DA:85,0
DA:86,0
DA:87,0
DA:88,0
DA:89,0
DA:90,0
DA:91,0
DA:92,0
DA:93,0
DA:94,0
DA:96,0
DA:97,0
DA:98,0
DA:99,0
DA:100,0
DA:101,0
DA:102,0
DA:103,0
DA:104,0
DA:105,0
DA:106,0
DA:107,0
DA:108,0
DA:109,0
DA:110,0
DA:111,0
DA:112,0
DA:114,0
DA:115,0
DA:116,0
DA:117,0
DA:118,0
DA:119,0
DA:120,0
DA:121,0
DA:122,0
DA:123,0
DA:124,0
DA:126,0
DA:127,0
DA:128,0
DA:129,0
DA:130,0
DA:131,0
DA:132,0
DA:133,0
DA:134,0
DA:135,0
DA:136,0
DA:138,0
DA:139,0
DA:140,0
DA:141,0
DA:142,0
DA:143,0
DA:144,0
DA:145,0
DA:146,0
DA:147,0
DA:148,0
DA:150,0
DA:151,0
DA:152,0
DA:153,0
DA:154,0
DA:155,0
DA:156,0
DA:157,0
DA:158,0
DA:159,0
DA:160,0
DA:162,0
DA:163,0
DA:164,0
DA:165,0
DA:166,0
DA:167,0
DA:168,0
DA:169,0
DA:170,0
DA:171,0
DA:172,0
DA:174,0
DA:175,0
DA:176,0
DA:177,0
DA:178,0
DA:179,0
DA:180,0
DA:181,0
DA:182,0
DA:183,0
DA:184,0
DA:186,0
DA:187,0
DA:188,0
DA:189,0
DA:190,0
DA:191,0
DA:192,0
DA:193,0
DA:194,0
DA:195,0
DA:196,0
DA:197,0
DA:198,0
LF:145
LH:0
BRDA:1,0,0,0
BRF:1
BRH:0
end_of_record
TN:
SF:src\features\subscriptions\hooks\useSubscriptionsWorkspace.ts
FN:78,normalizeQueryState
FN:96,uniqueRows
FN:105,shouldKeepSelection
FN:111,useSubscriptionsWorkspace
FNF:4
FNH:3
FNDA:5,normalizeQueryState
FNDA:0,uniqueRows
FNDA:3,shouldKeepSelection
FNDA:22,useSubscriptionsWorkspace
DA:1,1
DA:25,1
DA:28,1
DA:78,5
DA:79,5
DA:80,5
DA:81,5
DA:82,5
DA:83,5
DA:84,5
DA:85,5
DA:86,5
DA:87,5
DA:88,5
DA:89,5
DA:90,5
DA:91,5
DA:92,5
DA:93,5
DA:94,5
DA:96,0
DA:97,0
DA:98,0
DA:99,0
DA:100,0
DA:101,0
DA:102,0
DA:103,0
DA:105,3
DA:106,3
DA:107,3
DA:108,3
DA:109,3
DA:111,1
DA:112,22
DA:113,22
DA:115,22
DA:116,22
DA:117,22
DA:119,22
DA:120,22
DA:121,22
DA:122,22
DA:123,22
DA:124,22
DA:125,22
DA:126,22
DA:127,22
DA:129,22
DA:130,22
DA:131,22
DA:132,22
DA:134,22
DA:135,4
DA:136,22
DA:138,22
DA:139,4
DA:141,4
DA:142,4
DA:143,4
DA:144,4
DA:145,4
DA:146,4
DA:147,4
DA:148,0
DA:149,0
DA:150,0
DA:151,4
DA:153,4
DA:154,4
DA:155,4
DA:156,22
DA:158,22
DA:159,0
DA:160,0
DA:161,0
DA:162,0
DA:163,0
DA:164,0
DA:165,0
DA:166,0
DA:167,22
DA:169,22
DA:170,0
DA:171,0
DA:172,0
DA:173,0
DA:174,0
DA:175,0
DA:176,0
DA:177,0
DA:178,0
DA:179,0
DA:180,0
DA:181,22
DA:183,22
DA:184,5
DA:185,5
DA:187,5
DA:188,5
DA:189,5
DA:190,5
DA:192,5
DA:193,5
DA:194,5
DA:195,5
DA:196,5
DA:197,5
DA:199,5
DA:200,5
DA:201,5
DA:202,5
DA:203,5
DA:204,5
DA:205,5
DA:206,5
DA:207,5
DA:208,5
DA:210,5
DA:212,5
DA:213,5
DA:214,5
DA:215,5
DA:216,5
DA:217,5
DA:218,5
DA:219,5
DA:220,0
DA:221,0
DA:222,0
DA:223,0
DA:224,0
DA:225,0
DA:226,0
DA:227,0
DA:228,0
DA:229,0
DA:230,0
DA:231,22
DA:233,22
DA:234,5
DA:235,22
DA:237,22
DA:238,11
DA:239,5
DA:240,5
DA:241,5
DA:242,5
DA:243,5
DA:244,5
DA:246,11
DA:247,0
DA:248,0
DA:249,0
DA:251,6
DA:253,3
DA:254,11
DA:255,0
DA:256,0
DA:257,0
DA:259,11
DA:260,0
DA:261,0
DA:262,0
DA:264,3
DA:265,22
DA:267,22
DA:268,3
DA:270,3
DA:271,3
DA:272,3
DA:273,3
DA:275,3
DA:277,3
DA:278,3
DA:279,2
DA:280,2
DA:281,3
DA:282,1
DA:283,1
DA:284,1
DA:285,1
DA:286,1
DA:287,1
DA:288,1
DA:289,1
DA:290,1
DA:291,22
DA:293,22
DA:294,7
DA:295,3
DA:296,3
DA:297,22
DA:299,22
DA:300,4
DA:301,4
DA:302,22
DA:304,22
DA:305,1
DA:306,1
DA:307,1
DA:309,1
DA:311,1
DA:312,1
DA:313,1
DA:314,1
DA:315,1
DA:316,1
DA:317,1
DA:318,1
DA:319,22
DA:321,22
DA:322,0
DA:323,0
DA:324,0
DA:325,0
DA:326,22
DA:328,22
DA:329,0
DA:330,0
DA:331,0
DA:332,0
DA:333,0
DA:334,0
DA:335,0
DA:336,0
DA:337,22
DA:339,22
DA:340,0
DA:341,0
DA:342,0
DA:343,0
DA:344,0
DA:345,0
DA:346,0
DA:347,0
DA:348,22
DA:350,22
DA:351,0
DA:352,22
DA:354,22
DA:355,0
DA:356,0
DA:357,22
DA:359,22
DA:360,0
DA:361,0
DA:362,22
DA:364,22
DA:365,0
DA:366,22
DA:368,22
DA:369,0
DA:370,0
DA:371,0
DA:372,22
DA:374,22
DA:375,0
DA:376,22
DA:378,22
DA:379,22
DA:380,22
DA:381,22
DA:382,22
DA:383,22
DA:384,22
DA:385,22
DA:386,22
DA:387,22
DA:388,22
DA:389,22
DA:390,22
DA:391,22
DA:392,22
DA:393,22
DA:394,22
DA:395,22
DA:396,22
DA:397,22
DA:398,22
DA:399,22
LF:281
LH:201
BRDA:78,0,0,5
BRDA:105,1,0,3
BRDA:106,2,0,0
BRDA:107,3,0,0
BRDA:107,4,0,0
BRDA:111,5,0,22
BRDA:113,6,0,5
BRDA:134,7,0,4
BRDA:138,8,0,4
BRDA:142,9,0,4
BRDA:143,10,0,0
BRDA:153,11,0,4
BRDA:183,12,0,5
BRDA:185,13,0,0
BRDA:187,14,0,1
BRDA:201,15,0,0
BRDA:202,16,0,4
BRDA:210,17,0,0
BRDA:219,18,0,0
BRDA:192,19,0,5
BRDA:194,20,0,0
BRDA:196,21,0,0
BRDA:212,22,0,5
BRDA:213,23,0,0
BRDA:233,24,0,5
BRDA:237,25,0,11
BRDA:238,26,0,5
BRDA:244,27,0,6
BRDA:246,28,0,3
BRDA:246,29,0,3
BRDA:246,30,0,0
BRDA:249,31,0,6
BRDA:251,32,0,3
BRDA:254,33,0,0
BRDA:257,34,0,3
BRDA:259,35,0,0
BRDA:262,36,0,3
BRDA:239,37,0,5
BRDA:240,38,0,3
BRDA:240,39,0,2
BRDA:240,40,0,1
BRDA:253,41,0,3
BRDA:267,42,0,3
BRDA:268,43,0,0
BRDA:270,44,0,0
BRDA:278,45,0,2
BRDA:279,46,0,0
BRDA:279,47,0,2
BRDA:281,48,0,1
BRDA:282,49,0,0
BRDA:283,50,0,0
BRDA:288,51,0,0
BRDA:293,52,0,7
BRDA:294,53,0,4
BRDA:294,54,0,3
BRDA:295,55,0,0
BRDA:295,56,0,3
BRDA:299,57,0,4
BRDA:299,58,0,4
BRDA:301,59,0,3
BRDA:304,60,0,1
BRDA:305,61,0,0
BRDA:306,62,0,0
BRDA:307,63,0,0
BRF:64
BRH:40
end_of_record
TN:
SF:src\lib\auth\role-labels.ts
FN:1,(empty-report)
FNF:1
FNH:1
FNDA:1,(empty-report)
DA:11,0
DA:14,0
DA:15,0
DA:16,0
DA:17,0
DA:18,0
DA:19,0
DA:20,0
DA:21,0
DA:22,0
DA:23,0
DA:24,0
DA:25,0
DA:26,0
DA:27,0
DA:28,0
DA:29,0
DA:30,0
DA:31,0
DA:32,0
DA:33,0
DA:34,0
DA:35,0
DA:36,0
DA:37,0
DA:38,0
DA:39,0
DA:40,0
DA:41,0
DA:42,0
DA:43,0
DA:44,0
DA:45,0
DA:46,0
DA:47,0
DA:48,0
DA:49,0
DA:50,0
DA:51,0
DA:52,0
DA:53,0
DA:54,0
DA:55,0
DA:56,0
DA:57,0
DA:60,0
DA:61,0
DA:62,0
DA:63,0
DA:64,0
DA:65,0
DA:66,0
DA:67,0
DA:68,0
DA:69,0
DA:70,0
DA:71,0
DA:73,0
DA:74,0
DA:75,0
DA:76,0
DA:77,0
DA:78,0
DA:79,0
DA:80,0
DA:81,0
DA:83,0
DA:84,0
DA:85,0
DA:86,0
DA:87,0
DA:88,0
DA:89,0
LF:73
LH:0
BRDA:1,0,0,1
BRF:1
BRH:1
end_of_record
TN:
SF:src\lib\auth\role-policy.ts
FN:317,normalizeRoles
FN:321,normalizeRoute
FN:333,listRoutePolicies
FN:344,getRoutePolicy
FN:351,canAccessRoute
FN:358,canAccessAction
FN:364,getFirstAllowedRoute
FN:376,toFallbackList
FN:381,getForbiddenFallbackPath
FN:392,getRoleHome
FN:404,getCanonicalRoutesForRole
FNF:11
FNH:9
FNDA:45,normalizeRoles
FNDA:45,normalizeRoute
FNDA:3,listRoutePolicies
FNDA:0,getRoutePolicy
FNDA:25,canAccessRoute
FNDA:0,canAccessAction
FNDA:1,getFirstAllowedRoute
FNDA:1,toFallbackList
FNDA:1,getForbiddenFallbackPath
FNDA:4,getRoleHome
FNDA:1,getCanonicalRoutesForRole
DA:62,1
DA:63,1
DA:64,1
DA:65,1
DA:66,1
DA:67,1
DA:68,1
DA:69,1
DA:70,1
DA:72,1
DA:73,1
DA:74,1
DA:75,1
DA:76,1
DA:77,1
DA:78,1
DA:79,1
DA:80,1
DA:81,1
DA:82,1
DA:83,1
DA:84,1
DA:85,1
DA:86,1
DA:87,1
DA:88,1
DA:89,1
DA:90,1
DA:91,1
DA:92,1
DA:93,1
DA:94,1
DA:95,1
DA:96,1
DA:97,1
DA:98,1
DA:99,1
DA:100,1
DA:101,1
DA:102,1
DA:103,1
DA:104,1
DA:105,1
DA:106,1
DA:107,1
DA:108,1
DA:109,1
DA:110,1
DA:111,1
DA:112,1
DA:113,1
DA:114,1
DA:115,1
DA:116,1
DA:117,1
DA:118,1
DA:119,1
DA:120,1
DA:121,1
DA:122,1
DA:123,1
DA:124,1
DA:125,1
DA:126,1
DA:127,1
DA:128,1
DA:129,1
DA:130,1
DA:131,1
DA:132,1
DA:133,1
DA:134,1
DA:135,1
DA:136,1
DA:137,1
DA:138,1
DA:139,1
DA:140,1
DA:141,1
DA:142,1
DA:143,1
DA:144,1
DA:145,1
DA:146,1
DA:147,1
DA:148,1
DA:149,1
DA:150,1
DA:151,1
DA:152,1
DA:153,1
DA:154,1
DA:155,1
DA:156,1
DA:157,1
DA:158,1
DA:159,1
DA:160,1
DA:161,1
DA:162,1
DA:163,1
DA:164,1
DA:165,1
DA:166,1
DA:167,1
DA:168,1
DA:169,1
DA:170,1
DA:171,1
DA:172,1
DA:173,1
DA:174,1
DA:175,1
DA:176,1
DA:177,1
DA:178,1
DA:179,1
DA:180,1
DA:181,1
DA:182,1
DA:183,1
DA:184,1
DA:185,1
DA:186,1
DA:187,1
DA:188,1
DA:189,1
DA:190,1
DA:191,1
DA:192,1
DA:193,1
DA:194,1
DA:195,1
DA:196,1
DA:197,1
DA:198,1
DA:199,1
DA:200,1
DA:201,1
DA:202,1
DA:203,1
DA:204,1
DA:205,1
DA:206,1
DA:207,1
DA:208,1
DA:209,1
DA:210,1
DA:211,1
DA:212,1
DA:213,1
DA:214,1
DA:215,1
DA:216,1
DA:217,1
DA:218,1
DA:219,1
DA:220,1
DA:221,1
DA:222,1
DA:223,1
DA:224,1
DA:225,1
DA:226,1
DA:227,1
DA:228,1
DA:229,1
DA:230,1
DA:231,1
DA:232,1
DA:233,1
DA:234,1
DA:235,1
DA:236,1
DA:237,1
DA:238,1
DA:239,1
DA:240,1
DA:241,1
DA:242,1
DA:243,1
DA:244,1
DA:245,1
DA:246,1
DA:247,1
DA:248,1
DA:249,1
DA:250,1
DA:251,1
DA:252,1
DA:253,1
DA:254,1
DA:255,1
DA:256,1
DA:257,1
DA:258,1
DA:259,1
DA:260,1
DA:261,1
DA:262,1
DA:263,1
DA:264,1
DA:265,1
DA:266,1
DA:267,1
DA:268,1
DA:269,1
DA:270,1
DA:271,1
DA:272,1
DA:273,1
DA:274,1
DA:275,1
DA:276,1
DA:277,1
DA:279,1
DA:280,1
DA:281,1
DA:282,1
DA:283,1
DA:284,1
DA:285,1
DA:286,1
DA:287,1
DA:288,1
DA:289,1
DA:290,1
DA:291,1
DA:292,1
DA:293,1
DA:294,1
DA:295,1
DA:297,1
DA:299,1
DA:300,1
DA:301,1
DA:303,1
DA:304,1
DA:305,1
DA:307,1
DA:308,1
DA:309,1
DA:310,1
DA:311,1
DA:312,1
DA:313,1
DA:314,1
DA:315,1
DA:317,45
DA:318,45
DA:319,45
DA:321,45
DA:322,45
DA:323,45
DA:324,45
DA:325,45
DA:326,45
DA:327,45
DA:328,45
DA:329,45
DA:330,45
DA:331,45
DA:333,1
DA:334,3
DA:335,3
DA:336,3
DA:337,45
DA:338,45
DA:339,45
DA:340,42
DA:341,3
DA:342,3
DA:344,1
DA:345,0
DA:346,0
DA:347,0
DA:348,0
DA:349,0
DA:351,1
DA:352,25
DA:353,25
DA:354,25
DA:355,25
DA:356,25
DA:358,1
DA:359,0
DA:360,0
DA:361,0
DA:362,0
DA:364,1
DA:365,1
DA:366,1
DA:367,1
DA:368,1
DA:369,1
DA:370,1
DA:371,1
DA:373,1
DA:374,1
DA:376,1
DA:377,1
DA:378,1
DA:379,1
DA:381,1
DA:382,1
DA:383,1
DA:384,1
DA:385,1
DA:386,1
DA:387,1
DA:389,0
DA:390,0
DA:392,1
DA:393,4
DA:395,4
DA:396,4
DA:397,4
DA:398,4
DA:399,4
DA:401,0
DA:402,0
DA:404,1
DA:405,1
DA:406,14
DA:407,14
DA:408,14
DA:409,1
DA:410,1
LF:328
LH:315
BRDA:300,0,0,30
BRDA:304,1,0,30
BRDA:317,2,0,45
BRDA:318,3,0,42
BRDA:318,4,0,3
BRDA:321,5,0,45
BRDA:325,6,0,0
BRDA:326,7,0,0
BRDA:327,8,0,0
BRDA:328,9,0,0
BRDA:329,10,0,0
BRDA:333,11,0,3
BRDA:336,12,0,45
BRDA:337,13,0,3
BRDA:337,14,0,42
BRDA:338,15,0,42
BRDA:338,16,0,0
BRDA:338,17,0,42
BRDA:339,18,0,42
BRDA:339,19,0,0
BRDA:339,20,0,42
BRDA:351,21,0,25
BRDA:352,22,0,0
BRDA:353,23,0,0
BRDA:354,24,0,0
BRDA:364,25,0,1
BRDA:370,26,0,0
BRDA:373,27,0,0
BRDA:371,28,0,14
BRDA:371,29,0,0
BRDA:373,30,0,1
BRDA:376,31,0,1
BRDA:377,32,0,0
BRDA:378,33,0,0
BRDA:381,34,0,1
BRDA:387,35,0,0
BRDA:385,36,0,1
BRDA:392,37,0,4
BRDA:393,38,0,0
BRDA:399,39,0,0
BRDA:397,40,0,4
BRDA:404,41,0,1
BRDA:405,42,0,14
BRDA:406,43,0,0
BRDA:407,44,0,0
BRDA:407,45,0,0
BRF:46
BRH:25
end_of_record
TN:
SF:src\lib\auth\session-runtime.ts
FN:1,(empty-report)
FNF:1
FNH:0
FNDA:0,(empty-report)
DA:1,0
DA:2,0
DA:3,0
DA:5,0
DA:6,0
DA:7,0
DA:9,0
DA:10,0
DA:12,0
DA:13,0
DA:14,0
DA:15,0
DA:17,0
DA:18,0
DA:20,0
DA:21,0
DA:22,0
DA:23,0
DA:24,0
DA:25,0
DA:27,0
DA:28,0
DA:29,0
DA:30,0
DA:32,0
DA:33,0
DA:34,0
DA:35,0
DA:36,0
DA:37,0
DA:39,0
DA:40,0
DA:41,0
DA:42,0
DA:43,0
DA:44,0
DA:46,0
DA:47,0
DA:48,0
DA:49,0
DA:50,0
DA:52,0
DA:53,0
DA:54,0
DA:56,0
DA:58,0
DA:59,0
DA:60,0
DA:61,0
DA:63,0
DA:64,0
DA:65,0
DA:67,0
DA:68,0
DA:69,0
DA:71,0
DA:72,0
DA:73,0
DA:74,0
DA:75,0
DA:76,0
DA:78,0
DA:79,0
DA:80,0
DA:81,0
DA:82,0
DA:83,0
DA:84,0
DA:86,0
DA:87,0
DA:88,0
DA:89,0
DA:90,0
DA:91,0
DA:93,0
DA:94,0
DA:95,0
DA:96,0
DA:97,0
DA:98,0
LF:80
LH:0
BRDA:1,0,0,0
BRF:1
BRH:0
end_of_record
